<?xml version="1.0" encoding="UTF-8"?>
<!-- Generated by org.testng.reporters.JUnitXMLReporter -->
<testsuite hostname="MACLTUS45747" ignored="1" name="Test" tests="2" failures="0" timestamp="29 Apr 2018 03:50:33 GMT" time="0.031" errors="0">
  <testcase name="firstTest" time="0.005" classname="com.org.TestNGPracticeCode.TestNgPractice.testNGAnnotations"/>
  <testcase name="thirdTest" time="0.001" classname="com.org.TestNGPracticeCode.TestNgPractice.testNGAnnotations">
    <skipped/>
  </testcase> <!-- thirdTest -->
  <testcase name="secondTest" time="0.0" classname="com.org.TestNGPracticeCode.TestNgPractice.testNGAnnotations">
    <ignored/>
  </testcase> <!-- secondTest -->
</testsuite> <!-- Test -->
