<?xml version="1.0" encoding="UTF-8"?>
<testsuite name="Test"
           tests="4"
           failures="1"
           errors="0"
           skipped="1"
           time="0.016">
  <properties />
            <testcase name="fourthTest" time="0.001" classname="com.org.TestNGPracticeCode.TestNgPractice.testNGAnnotations">
                <failure type="java.lang.AssertionError"
                  message="The following asserts failed:
	expected [1] but found [0]"
              >
<![CDATA[java.lang.AssertionError: The following asserts failed:
	expected [1] but found [0]
  org.testng.asserts.SoftAssert.assertAll(SoftAssert.java:43)
  com.org.TestNGPracticeCode.TestNgPractice.testNGAnnotations.fourthTest(testNGAnnotations.java:56)
  sun.reflect.NativeMethodAccessorImpl.invoke0(Native Method)
  sun.reflect.NativeMethodAccessorImpl.invoke(NativeMethodAccessorImpl.java:62)
  sun.reflect.DelegatingMethodAccessorImpl.invoke(DelegatingMethodAccessorImpl.java:43)
  java.lang.reflect.Method.invoke(Method.java:498)
  org.testng.internal.MethodInvocationHelper.invokeMethod(MethodInvocationHelper.java:124)
  org.testng.internal.Invoker.invokeMethod(Invoker.java:580)
  org.testng.internal.Invoker.invokeTestMethod(Invoker.java:716)
  org.testng.internal.Invoker.invokeTestMethods(Invoker.java:988)
  org.testng.internal.TestMethodWorker.invokeTestMethods(TestMethodWorker.java:125)
  org.testng.internal.TestMethodWorker.run(TestMethodWorker.java:109)
  java.util.concurrent.ThreadPoolExecutor.runWorker(ThreadPoolExecutor.java:1142)
  java.util.concurrent.ThreadPoolExecutor$Worker.run(ThreadPoolExecutor.java:617)
  java.lang.Thread.run(Thread.java:745)
]]>
      </failure>

          </testcase>
  
            <testcase name="thirdTest" time="0.0" classname="com.org.TestNGPracticeCode.TestNgPractice.testNGAnnotations">
          <skipped />
    </testcase>
  
            <testcase name="secondTest" time="0.013" classname="com.org.TestNGPracticeCode.TestNgPractice.testNGAnnotations" />
                <testcase name="firstTest" time="0.001" classname="com.org.TestNGPracticeCode.TestNgPractice.testNGAnnotations" />
      
</testsuite>
