<?xml version="1.0" encoding="UTF-8"?>
<testsuite name="Test"
           tests="4"
           failures="1"
           errors="0"
           skipped="0"
           time="6.449">
  <properties />
            <testcase name="headerValidation" time="1.485" classname="rest.basic.testing.SampleGetRequest">
                <failure type="java.lang.AssertionError"
                  message="1 expectation failed.
Expected header &quot;content-encoding &quot; was not &quot;gzip&quot;, was &quot;null&quot;. Headers are:
Server=openresty/1.9.7.1
Date=Tue, 01 May 2018 06:22:59 GMT
Content-Type=application/json; charset=utf-8
Transfer-Encoding=chunked
Connection=keep-alive
X-Frame-Options=SAMEORIGIN
X-XSS-Protection=1; mode=block
X-Content-Type-Options=nosniff
ETag=W/&quot;e70c27085ed41de5321252b16c9582fe&quot;
Cache-Control=max-age=0, private, must-revalidate
X-Request-Id=cfe10120-7365-45f8-987a-4cd3b0b819f3
X-Runtime=0.001313
Content-Encoding=gzip
"
              >
<![CDATA[java.lang.AssertionError: 1 expectation failed.
Expected header "content-encoding " was not "gzip", was "null". Headers are:
Server=openresty/1.9.7.1
Date=Tue, 01 May 2018 06:22:59 GMT
Content-Type=application/json; charset=utf-8
Transfer-Encoding=chunked
Connection=keep-alive
X-Frame-Options=SAMEORIGIN
X-XSS-Protection=1; mode=block
X-Content-Type-Options=nosniff
ETag=W/"e70c27085ed41de5321252b16c9582fe"
Cache-Control=max-age=0, private, must-revalidate
X-Request-Id=cfe10120-7365-45f8-987a-4cd3b0b819f3
X-Runtime=0.001313
Content-Encoding=gzip

  sun.reflect.NativeConstructorAccessorImpl.newInstance0(Native Method)
  sun.reflect.NativeConstructorAccessorImpl.newInstance(NativeConstructorAccessorImpl.java:62)
  sun.reflect.DelegatingConstructorAccessorImpl.newInstance(DelegatingConstructorAccessorImpl.java:45)
  java.lang.reflect.Constructor.newInstance(Constructor.java:423)
  org.codehaus.groovy.reflection.CachedConstructor.invoke(CachedConstructor.java:80)
  org.codehaus.groovy.reflection.CachedConstructor.doConstructorInvoke(CachedConstructor.java:74)
  org.codehaus.groovy.runtime.callsite.ConstructorSite$ConstructorSiteNoUnwrap.callConstructor(ConstructorSite.java:84)
  org.codehaus.groovy.runtime.callsite.CallSiteArray.defaultCallConstructor(CallSiteArray.java:60)
  org.codehaus.groovy.runtime.callsite.AbstractCallSite.callConstructor(AbstractCallSite.java:235)
  org.codehaus.groovy.runtime.callsite.AbstractCallSite.callConstructor(AbstractCallSite.java:247)
  com.jayway.restassured.internal.ResponseSpecificationImpl$HamcrestAssertionClosure.validate(ResponseSpecificationImpl.groovy:598)
  com.jayway.restassured.internal.ResponseSpecificationImpl$HamcrestAssertionClosure$validate$10.call(Unknown Source)
  com.jayway.restassured.internal.ResponseSpecificationImpl.validateResponseIfRequired(ResponseSpecificationImpl.groovy:760)
  sun.reflect.NativeMethodAccessorImpl.invoke0(Native Method)
  sun.reflect.NativeMethodAccessorImpl.invoke(NativeMethodAccessorImpl.java:62)
  sun.reflect.DelegatingMethodAccessorImpl.invoke(DelegatingMethodAccessorImpl.java:43)
  java.lang.reflect.Method.invoke(Method.java:498)
  org.codehaus.groovy.runtime.callsite.PogoMetaMethodSite$PogoCachedMethodSiteNoUnwrapNoCoerce.invoke(PogoMetaMethodSite.java:210)
  org.codehaus.groovy.runtime.callsite.PogoMetaMethodSite.callCurrent(PogoMetaMethodSite.java:59)
  org.codehaus.groovy.runtime.callsite.AbstractCallSite.callCurrent(AbstractCallSite.java:166)
  com.jayway.restassured.internal.ResponseSpecificationImpl.header(ResponseSpecificationImpl.groovy:169)
  com.jayway.restassured.specification.ResponseSpecification$header$7.callCurrent(Unknown Source)
  com.jayway.restassured.internal.ResponseSpecificationImpl.header(ResponseSpecificationImpl.groovy:176)
  com.jayway.restassured.internal.ValidatableResponseOptionsImpl.header(ValidatableResponseOptionsImpl.java:148)
  rest.basic.testing.SampleGetRequest.headerValidation(SampleGetRequest.java:93)
  sun.reflect.NativeMethodAccessorImpl.invoke0(Native Method)
  sun.reflect.NativeMethodAccessorImpl.invoke(NativeMethodAccessorImpl.java:62)
  sun.reflect.DelegatingMethodAccessorImpl.invoke(DelegatingMethodAccessorImpl.java:43)
  java.lang.reflect.Method.invoke(Method.java:498)
  org.testng.internal.MethodInvocationHelper.invokeMethod(MethodInvocationHelper.java:124)
  org.testng.internal.Invoker.invokeMethod(Invoker.java:580)
  org.testng.internal.Invoker.invokeTestMethod(Invoker.java:716)
  org.testng.internal.Invoker.invokeTestMethods(Invoker.java:988)
  org.testng.internal.TestMethodWorker.invokeTestMethods(TestMethodWorker.java:125)
  org.testng.internal.TestMethodWorker.run(TestMethodWorker.java:109)
  java.util.concurrent.ThreadPoolExecutor.runWorker(ThreadPoolExecutor.java:1142)
  java.util.concurrent.ThreadPoolExecutor$Worker.run(ThreadPoolExecutor.java:617)
  java.lang.Thread.run(Thread.java:745)
]]>
      </failure>

          </testcase>
  
  
            <testcase name="bodyVariableValicationforDescription" time="1.745" classname="rest.basic.testing.SampleGetRequest" />
                <testcase name="getRequestForFindingWeatherByCityName" time="1.476" classname="rest.basic.testing.SampleGetRequest" />
                <testcase name="bodyVariableValicationCountry" time="1.743" classname="rest.basic.testing.SampleGetRequest" />
      
</testsuite>
